<?xml version="1.0" encoding="UTF-8"?>
<!-- Generated by org.testng.reporters.JUnitReportReporter -->
<testsuite hostname="CDC2-D-CMBNXJ2" name="Demo_3.Demo_3" tests="1" failures="0" timestamp="27 Nov 2019 09:26:51 GMT" time="3.825" errors="0">
  <testcase name="f" time="3.825" classname="Demo_3.Demo_3"/>
</testsuite> <!-- Demo_3.Demo_3 -->
