<?xml version="1.0" encoding="UTF-8"?>
<!-- Generated by org.testng.reporters.JUnitReportReporter -->
<testsuite hostname="CDC2-D-CMBNXJ2" name="Selenium_Day1.Login" tests="1" failures="0" timestamp="27 Nov 2019 12:38:27 GMT" time="152.888" errors="0">
  <testcase name="readdata" time="152.888" classname="Selenium_Day1.Login"/>
</testsuite> <!-- Selenium_Day1.Login -->
