<?xml version="1.0" encoding="UTF-8"?>
<!-- Generated by org.testng.reporters.JUnitReportReporter -->
<testsuite hostname="CDC2-D-CMBNXJ2" name="Demo.TestNG_Demo" tests="1" failures="0" timestamp="27 Nov 2019 11:45:48 GMT" time="13.032" errors="0">
  <testcase name="login" time="13.032" classname="Demo.TestNG_Demo"/>
</testsuite> <!-- Demo.TestNG_Demo -->
