<?xml version="1.0" encoding="UTF-8"?>
<!-- Generated by org.testng.reporters.JUnitReportReporter -->
<testsuite hostname="CDC2-D-CMBNXJ2" name="tests.logintestcase" tests="1" failures="0" timestamp="28 Nov 2019 05:23:59 GMT" time="34.080" errors="0">
  <testcase name="test" time="34.080" classname="tests.logintestcase"/>
</testsuite> <!-- tests.logintestcase -->
