<?xml version="1.0" encoding="UTF-8"?>
<!-- Generated by org.testng.reporters.JUnitReportReporter -->
<testsuite hostname="CDC2-D-CMBNXJ2" name="Demo_2.NewTest" tests="1" failures="0" timestamp="27 Nov 2019 05:08:15 GMT" time="0.011" errors="0">
  <testcase name="f" time="0.011" classname="Demo_2.NewTest"/>
</testsuite> <!-- Demo_2.NewTest -->
